[MainThread] UM.Resources.__initializeStoragePaths [414]: Initializing storage paths
[MainThread] UM.Resources.__initializeStoragePaths [425]: Config storage path is /home/bazil/.config/cura/3.6
[MainThread] UM.Resources.__initializeStoragePaths [433]: Data storage path is /home/bazil/.local/share/cura/3.6
[MainThread] UM.Resources.__initializeStoragePaths [445]: Cache storage path is /home/bazil/.cache/cura/3.6
[MainThread] UM.PackageManager.__init__ [49]: Found bundled packages JSON file: /tmp/.mount_dAXVUN/usr/bin/resources/bundled_packages/cura.json
[MainThread] UM.PackageManager.__init__ [49]: Found bundled packages JSON file: /tmp/.mount_dAXVUN/usr/bin/resources/bundled_packages/uranium.json
[MainThread] UM.View.GL.OpenGLContext.detectBestOpenGLVersion [103]: Trying OpenGL context 4.1...
[MainThread] UM.View.GL.OpenGLContext.detectBestOpenGLVersion [113]: Yay, we got at least OpenGL 4.1 core: 4.5 Core profile
[MainThread] UM.Qt.QtApplication.initialize [138]: Detected most suitable OpenGL context version: 4.1 Core profile
[MainThread] UM.Qt.QtApplication.initialize [144]: Initializing job queue ...
[MainThread] UM.Qt.QtApplication.initialize [148]: Initializing version upgrade manager ...
[MainThread] UM.Settings.ContainerRegistry.addContainer [371]: Container [empty_definition_changes] added.
[MainThread] UM.Settings.ContainerRegistry.addContainer [371]: Container [empty_variant] added.
[MainThread] UM.Settings.ContainerRegistry.addContainer [371]: Container [empty_material] added.
[MainThread] UM.Settings.ContainerRegistry.addContainer [371]: Container [empty_quality] added.
[MainThread] UM.Settings.ContainerRegistry.addContainer [371]: Container [empty_quality_changes] added.
[MainThread] UM.PackageManager._loadManagementData [83]: Loaded bundled packages data from /tmp/.mount_dAXVUN/usr/bin/resources/bundled_packages/cura.json
[MainThread] UM.PackageManager._loadManagementData [83]: Loaded bundled packages data from /tmp/.mount_dAXVUN/usr/bin/resources/bundled_packages/uranium.json
[MainThread] UM.PackageManager._loadManagementData [105]: Loaded user packages management file from /home/bazil/.local/share/cura/3.6/packages.json
[MainThread] UM.PackageManager._saveManagementData [117]: Package management file /home/bazil/.local/share/cura/3.6/packages.json was saved
[MainThread] UM.PluginRegistry.initializeBeforePluginsAreLoaded [92]: Loading plugin configuration file '/home/bazil/.config/cura/3.6/plugins.json'
[MainThread] UM.PluginRegistry.loadPlugin [422]: Loaded plugin 3MFReader
[MainThread] UM.PluginRegistry.loadPlugin [422]: Loaded plugin 3MFWriter
[MainThread] UM.PluginRegistry.loadPlugin [422]: Loaded plugin ChangeLogPlugin
